<?xml version="1.0" encoding="UTF-8"?>
<!-- Generated by org.testng.reporters.JUnitReportReporter -->
<testsuite hostname="Farooq" failures="0" tests="1" name="Addtocart.ProductAddTocart" time="0.015" errors="0" timestamp="2022-09-17T11:38:02 IST" skipped="0">
  <testcase classname="Addtocart.ProductAddTocart" name="addProduct" time="0.015"/>
  <system-out/>
</testsuite> <!-- Addtocart.ProductAddTocart -->
